<?xml version="1.0" encoding="UTF-8"?>
<!-- Generated by org.testng.reporters.JUnitXMLReporter -->
<testsuite ignored="0" hostname="Mahesh" failures="0" tests="3" name="Default test" time="23.044" errors="0" timestamp="2022-06-18T22:15:38 IST">
  <testcase classname="Test.PinPageTest" name="clickOnForgetPasswordLinkTest" time="2.783"/>
  <testcase classname="Test.PinPageTest" name="clickOnSignUpLinkTest" time="2.377"/>
  <testcase classname="Test.PinPageTest" name="loginToZerodhaWithPinTest" time="2.392"/>
</testsuite> <!-- Default test -->
