<?xml version="1.0" encoding="UTF-8"?>
<testng-results ignored="0" total="3" passed="3" failed="0" skipped="0">
  <reporter-output>
  </reporter-output>
  <suite started-at="2022-06-18T22:15:15 IST" name="Default suite" finished-at="2022-06-18T22:15:38 IST" duration-ms="23044">
    <groups>
    </groups>
    <test started-at="2022-06-18T22:15:15 IST" name="Default test" finished-at="2022-06-18T22:15:38 IST" duration-ms="23044">
      <class name="Test.PinPageTest">
        <test-method is-config="true" signature="extentReports()[pri:0, instance:Test.PinPageTest@67d48005]" started-at="2022-06-18T22:15:15 IST" name="extentReports" finished-at="2022-06-18T22:15:16 IST" duration-ms="290" status="PASS">
          <reporter-output>
          </reporter-output>
        </test-method> <!-- extentReports -->
        <test-method is-config="true" signature="launchBrowser()[pri:0, instance:Test.PinPageTest@67d48005]" started-at="2022-06-18T22:15:16 IST" name="launchBrowser" finished-at="2022-06-18T22:15:20 IST" duration-ms="4649" status="PASS">
          <reporter-output>
          </reporter-output>
        </test-method> <!-- launchBrowser -->
        <test-method signature="clickOnForgetPasswordLinkTest()[pri:0, instance:Test.PinPageTest@67d48005]" started-at="2022-06-18T22:15:20 IST" name="clickOnForgetPasswordLinkTest" finished-at="2022-06-18T22:15:23 IST" duration-ms="2783" status="PASS">
          <reporter-output>
          </reporter-output>
        </test-method> <!-- clickOnForgetPasswordLinkTest -->
        <test-method is-config="true" signature="closeBrowser(org.testng.ITestResult)[pri:0, instance:Test.PinPageTest@67d48005]" started-at="2022-06-18T22:15:23 IST" name="closeBrowser" finished-at="2022-06-18T22:15:23 IST" duration-ms="7" status="PASS">
          <params>
            <param index="0">
              <value>
                <![CDATA[[TestResult name=clickOnForgetPasswordLinkTest status=SUCCESS method=PinPageTest.clickOnForgetPasswordLinkTest()[pri:0, instance:Test.PinPageTest@67d48005] output={null}]]]>
              </value>
            </param>
          </params>
          <reporter-output>
          </reporter-output>
        </test-method> <!-- closeBrowser -->
        <test-method is-config="true" signature="launchBrowser()[pri:0, instance:Test.PinPageTest@67d48005]" started-at="2022-06-18T22:15:23 IST" name="launchBrowser" finished-at="2022-06-18T22:15:29 IST" duration-ms="5543" status="PASS">
          <reporter-output>
          </reporter-output>
        </test-method> <!-- launchBrowser -->
        <test-method signature="clickOnSignUpLinkTest()[pri:0, instance:Test.PinPageTest@67d48005]" started-at="2022-06-18T22:15:29 IST" name="clickOnSignUpLinkTest" finished-at="2022-06-18T22:15:31 IST" duration-ms="2377" status="PASS">
          <reporter-output>
          </reporter-output>
        </test-method> <!-- clickOnSignUpLinkTest -->
        <test-method is-config="true" signature="closeBrowser(org.testng.ITestResult)[pri:0, instance:Test.PinPageTest@67d48005]" started-at="2022-06-18T22:15:31 IST" name="closeBrowser" finished-at="2022-06-18T22:15:31 IST" duration-ms="2" status="PASS">
          <params>
            <param index="0">
              <value>
                <![CDATA[[TestResult name=clickOnSignUpLinkTest status=SUCCESS method=PinPageTest.clickOnSignUpLinkTest()[pri:0, instance:Test.PinPageTest@67d48005] output={null}]]]>
              </value>
            </param>
          </params>
          <reporter-output>
          </reporter-output>
        </test-method> <!-- closeBrowser -->
        <test-method is-config="true" signature="launchBrowser()[pri:0, instance:Test.PinPageTest@67d48005]" started-at="2022-06-18T22:15:31 IST" name="launchBrowser" finished-at="2022-06-18T22:15:36 IST" duration-ms="4525" status="PASS">
          <reporter-output>
          </reporter-output>
        </test-method> <!-- launchBrowser -->
        <test-method signature="loginToZerodhaWithPinTest()[pri:0, instance:Test.PinPageTest@67d48005]" started-at="2022-06-18T22:15:36 IST" name="loginToZerodhaWithPinTest" finished-at="2022-06-18T22:15:38 IST" duration-ms="2392" status="PASS">
          <reporter-output>
          </reporter-output>
        </test-method> <!-- loginToZerodhaWithPinTest -->
        <test-method is-config="true" signature="closeBrowser(org.testng.ITestResult)[pri:0, instance:Test.PinPageTest@67d48005]" started-at="2022-06-18T22:15:38 IST" name="closeBrowser" finished-at="2022-06-18T22:15:38 IST" duration-ms="1" status="PASS">
          <params>
            <param index="0">
              <value>
                <![CDATA[[TestResult name=loginToZerodhaWithPinTest status=SUCCESS method=PinPageTest.loginToZerodhaWithPinTest()[pri:0, instance:Test.PinPageTest@67d48005] output={null}]]]>
              </value>
            </param>
          </params>
          <reporter-output>
          </reporter-output>
        </test-method> <!-- closeBrowser -->
        <test-method is-config="true" signature="flushResult()[pri:0, instance:Test.PinPageTest@67d48005]" started-at="2022-06-18T22:15:38 IST" name="flushResult" finished-at="2022-06-18T22:15:38 IST" duration-ms="438" status="PASS">
          <reporter-output>
          </reporter-output>
        </test-method> <!-- flushResult -->
      </class> <!-- Test.PinPageTest -->
    </test> <!-- Default test -->
  </suite> <!-- Default suite -->
</testng-results>
